<?xml version="1.0" encoding="UTF-8"?>
<robot generator="Robot 5.0.1 (Python 3.10.4 on linux)" generated="20220620 03:56:42.283" rpa="false" schemaversion="3">
<suite id="s1" name="RF2" source="/home/andrey/PycharmProjects/Robot_first_homework/RF2">
<suite id="s1-s1" name="Test Insertion" source="/home/andrey/PycharmProjects/Robot_first_homework/RF2/test_insertion.robot">
<test id="s1-s1-t1" name="Check PATCH Request" line="9">
<kw name="Test Setup" library="resource" type="SETUP">
<kw name="Create Session" library="Req">
<arg>alias</arg>
<arg>http://localhost:3000</arg>
<doc>Create Session: create a HTTP session to a server</doc>
<msg timestamp="20220620 03:56:42.958" level="INFO">Creating Session using : alias=alias, url=http://localhost:3000, headers={},                     cookies={}, auth=None, timeout=None, proxies=None, verify=False,                     debug=0 </msg>
<msg timestamp="20220620 03:56:42.958" level="DEBUG">Creating session: alias</msg>
<status status="PASS" starttime="20220620 03:56:42.957" endtime="20220620 03:56:42.960"/>
</kw>
<kw name="Connect To Postgresql" library="DB">
<arg>hadb</arg>
<arg>ha</arg>
<arg>password2021dljfklkla1!kljf;</arg>
<arg>localhost</arg>
<arg>8432</arg>
<doc>Connection to Postgres DB.</doc>
<msg timestamp="20220620 03:56:42.960" level="DEBUG">Connecting using : dbhost=localhost, dbport=8432, dbname=hadb, dbusername=ha, dbpassword=password2021dljfklkla1!kljf;, alias=None</msg>
<status status="PASS" starttime="20220620 03:56:42.960" endtime="20220620 03:56:43.006"/>
</kw>
<status status="PASS" starttime="20220620 03:56:42.957" endtime="20220620 03:56:43.006"/>
</kw>
<kw name="Change Category Names In Categories">
<arg>test</arg>
<kw name="Create Dictionary" library="BuiltIn">
<var>&amp;{data}</var>
<arg>categoryname=${new_name}</arg>
<doc>Creates and returns a dictionary based on the given ``items``.</doc>
<msg timestamp="20220620 03:56:43.007" level="INFO">&amp;{data} = { categoryname=test }</msg>
<status status="PASS" starttime="20220620 03:56:43.007" endtime="20220620 03:56:43.007"/>
</kw>
<kw name="PATCH On Session" library="Req">
<var>${resp}</var>
<arg>alias</arg>
<arg>categories</arg>
<arg>${data}</arg>
<doc>Sends a PATCH request on a previously created HTTP Session.</doc>
<msg timestamp="20220620 03:56:43.024" level="DEBUG">Starting new HTTP connection (1): localhost:3000</msg>
<msg timestamp="20220620 03:56:43.239" level="DEBUG">http://localhost:3000 "PATCH /categories HTTP/1.1" 204 0</msg>
<msg timestamp="20220620 03:56:43.240" level="INFO">PATCH Request : url=http://localhost:3000/categories 
 path_url=/categories 
 headers={'User-Agent': 'python-requests/2.28.0', 'Accept-Encoding': 'gzip, deflate', 'Accept': '*/*', 'Connection': 'keep-alive', 'Content-Length': '17', 'Content-Type': 'application/x-www-form-urlencoded'} 
 body=categoryname=test 
 </msg>
<msg timestamp="20220620 03:56:43.240" level="INFO">PATCH Response : url=http://localhost:3000/categories 
 status=204, reason=No Content 
 headers={'Date': 'Mon, 20 Jun 2022 00:56:43 GMT', 'Server': 'postgrest/9.0.0', 'Content-Range': '0-15/*'} 
 body=None 
 </msg>
<msg timestamp="20220620 03:56:43.240" level="INFO">${resp} = &lt;Response [204]&gt;</msg>
<status status="PASS" starttime="20220620 03:56:43.008" endtime="20220620 03:56:43.240"/>
</kw>
<kw name="Status Should Be" library="Req">
<arg>204</arg>
<arg>${resp}</arg>
<doc>Fails if response status code is different than the expected.</doc>
<status status="PASS" starttime="20220620 03:56:43.240" endtime="20220620 03:56:43.240"/>
</kw>
<status status="PASS" starttime="20220620 03:56:43.006" endtime="20220620 03:56:43.240"/>
</kw>
<kw name="Get Categories From PostgRest">
<var>${res_postgrest}</var>
<kw name="GET On Session" library="Req">
<var>${resp}</var>
<arg>alias</arg>
<arg>categories</arg>
<doc>Sends a GET request on a previously created HTTP Session.</doc>
<msg timestamp="20220620 03:56:43.244" level="DEBUG">http://localhost:3000 "GET /categories HTTP/1.1" 200 None</msg>
<msg timestamp="20220620 03:56:43.245" level="INFO">GET Request : url=http://localhost:3000/categories 
 path_url=/categories 
 headers={'User-Agent': 'python-requests/2.28.0', 'Accept-Encoding': 'gzip, deflate', 'Accept': '*/*', 'Connection': 'keep-alive'} 
 body=None 
 </msg>
<msg timestamp="20220620 03:56:43.245" level="INFO">GET Response : url=http://localhost:3000/categories 
 status=200, reason=OK 
 headers={'Transfer-Encoding': 'chunked', 'Date': 'Mon, 20 Jun 2022 00:56:43 GMT', 'Server': 'postgrest/9.0.0', 'Content-Range': '0-15/*', 'Content-Location': '/categories', 'Content-Type': 'application/json; charset=utf-8'} 
 body=[{"category":1,"categoryname":"test"}, 
 {"category":2,"categoryname":"test"}, 
 {"category":3,"categoryname":"test"}, 
 {"category":4,"categoryname":"test"}, 
 {"category":5,"categoryname":"test"}, 
 {"category":6,"categoryname":"test"}, 
 {"category":7,"categoryname":"test"}, 
 {"category":8,"categoryname":"test"}, 
 {"category":9,"categoryname":"test"}, 
 {"category":10,"categoryname":"test"}, 
 {"category":11,"categoryname":"test"}, 
 {"category":12,"categoryname":"test"}, 
 {"category":13,"categoryname":"test"}, 
 {"category":14,"categoryname":"test"}, 
 {"category":15,"categoryname":"test"}, 
 {"category":16,"categoryname":"test"}] 
 </msg>
<msg timestamp="20220620 03:56:43.245" level="INFO">${resp} = &lt;Response [200]&gt;</msg>
<status status="PASS" starttime="20220620 03:56:43.241" endtime="20220620 03:56:43.245"/>
</kw>
<kw name="Set Variable" library="BuiltIn">
<var>${res_postgrest}</var>
<arg>${resp.json()}</arg>
<doc>Returns the given values which can then be assigned to a variables.</doc>
<msg timestamp="20220620 03:56:43.246" level="INFO">${res_postgrest} = [{'category': 1, 'categoryname': 'test'}, {'category': 2, 'categoryname': 'test'}, {'category': 3, 'categoryname': 'test'}, {'category': 4, 'categoryname': 'test'}, {'category': 5, 'categoryname': 'te...</msg>
<status status="PASS" starttime="20220620 03:56:43.245" endtime="20220620 03:56:43.246"/>
</kw>
<msg timestamp="20220620 03:56:43.246" level="INFO">${res_postgrest} = [{'category': 1, 'categoryname': 'test'}, {'category': 2, 'categoryname': 'test'}, {'category': 3, 'categoryname': 'test'}, {'category': 4, 'categoryname': 'test'}, {'category': 5, 'categoryname': 'te...</msg>
<status status="PASS" starttime="20220620 03:56:43.240" endtime="20220620 03:56:43.246"/>
</kw>
<kw name="Execute Sql String Mapped" library="DB">
<var>${res_db}</var>
<arg>${SQL}</arg>
<doc>SQL query execution where each result row is mapped as a dict with column names as keys.</doc>
<msg timestamp="20220620 03:56:43.246" level="INFO" html="true">&lt;details&gt;&lt;summary&gt;Running PL/PGSQL statement&lt;/summary&gt;&lt;p&gt;SELECT * FROM bootcamp.categories&lt;/p&gt;&lt;/details&gt;</msg>
<msg timestamp="20220620 03:56:43.247" level="INFO" html="true">&lt;details&gt;&lt;summary&gt;SQL Query Result&lt;/summary&gt;&lt;p&gt;[{&amp;#x27;category&amp;#x27;: 1, &amp;#x27;categoryname&amp;#x27;: &amp;#x27;test&amp;#x27;}, {&amp;#x27;category&amp;#x27;: 2, &amp;#x27;categoryname&amp;#x27;: &amp;#x27;test&amp;#x27;}, {&amp;#x27;category&amp;#x27;: 3, &amp;#x27;categoryname&amp;#x27;: &amp;#x27;test&amp;#x27;}, {&amp;#x27;category&amp;#x27;: 4, &amp;#x27;categoryname&amp;#x27;: &amp;#x27;test&amp;#x27;}, {&amp;#x27;category&amp;#x27;: 5, &amp;#x27;categoryname&amp;#x27;: &amp;#x27;test&amp;#x27;}, {&amp;#x27;category&amp;#x27;: 6, &amp;#x27;categoryname&amp;#x27;: &amp;#x27;test&amp;#x27;}, {&amp;#x27;category&amp;#x27;: 7, &amp;#x27;categoryname&amp;#x27;: &amp;#x27;test&amp;#x27;}, {&amp;#x27;category&amp;#x27;: 8, &amp;#x27;categoryname&amp;#x27;: &amp;#x27;test&amp;#x27;}, {&amp;#x27;category&amp;#x27;: 9, &amp;#x27;categoryname&amp;#x27;: &amp;#x27;test&amp;#x27;}, {&amp;#x27;category&amp;#x27;: 10, &amp;#x27;categoryname&amp;#x27;: &amp;#x27;test&amp;#x27;}]&lt;/p&gt;&lt;/details&gt;</msg>
<msg timestamp="20220620 03:56:43.248" level="INFO">${res_db} = [{'category': 1, 'categoryname': 'test'}, {'category': 2, 'categoryname': 'test'}, {'category': 3, 'categoryname': 'test'}, {'category': 4, 'categoryname': 'test'}, {'category': 5, 'categoryname': 'te...</msg>
<status status="PASS" starttime="20220620 03:56:43.246" endtime="20220620 03:56:43.248"/>
</kw>
<kw name="Should Be Equal As Strings" library="BuiltIn">
<arg>${res_db}</arg>
<arg>${res_postgrest}</arg>
<doc>Fails if objects are unequal after converting them to strings.</doc>
<msg timestamp="20220620 03:56:43.248" level="DEBUG">Argument types are:
&lt;class 'list'&gt;
&lt;class 'list'&gt;</msg>
<status status="PASS" starttime="20220620 03:56:43.248" endtime="20220620 03:56:43.248"/>
</kw>
<kw name="Test Teardown" library="resource" type="TEARDOWN">
<kw name="Delete All Sessions" library="Req">
<doc>Removes all the session objects</doc>
<msg timestamp="20220620 03:56:43.249" level="INFO">Deleting All Sessions</msg>
<status status="PASS" starttime="20220620 03:56:43.249" endtime="20220620 03:56:43.249"/>
</kw>
<kw name="Disconnect From Postgresql" library="DB">
<doc>Close active PostgreSQL connection.
You will have to manually open or switch to a new connection.
Due to how ConnectionCache works, connection's index and alias are not removed from cache, so you are able to switch to
closed connection, if it was closed with Disconnect from Postgresql. It will still remain closed though.</doc>
<status status="PASS" starttime="20220620 03:56:43.249" endtime="20220620 03:56:43.251"/>
</kw>
<status status="PASS" starttime="20220620 03:56:43.249" endtime="20220620 03:56:43.251"/>
</kw>
<doc>Проверка изменения поля categoryname в таблице bootcamp.categories</doc>
<status status="PASS" starttime="20220620 03:56:42.956" endtime="20220620 03:56:43.251"/>
</test>
<meta name="Автор">Андрей Кан</meta>
<status status="PASS" starttime="20220620 03:56:42.310" endtime="20220620 03:56:43.252"/>
</suite>
<suite id="s1-s2" name="Test Search Many Tables" source="/home/andrey/PycharmProjects/Robot_first_homework/RF2/test_search_many_tables.robot">
<test id="s1-s2-t1" name="Check search from mulptiple tables" line="17">
<kw name="Test Setup" library="resource" type="SETUP">
<kw name="Create Session" library="Req">
<arg>alias</arg>
<arg>http://localhost:3000</arg>
<doc>Create Session: create a HTTP session to a server</doc>
<msg timestamp="20220620 03:56:43.260" level="INFO">Creating Session using : alias=alias, url=http://localhost:3000, headers={},                     cookies={}, auth=None, timeout=None, proxies=None, verify=False,                     debug=0 </msg>
<msg timestamp="20220620 03:56:43.260" level="DEBUG">Creating session: alias</msg>
<status status="PASS" starttime="20220620 03:56:43.260" endtime="20220620 03:56:43.261"/>
</kw>
<kw name="Connect To Postgresql" library="DB">
<arg>hadb</arg>
<arg>ha</arg>
<arg>password2021dljfklkla1!kljf;</arg>
<arg>localhost</arg>
<arg>8432</arg>
<doc>Connection to Postgres DB.</doc>
<msg timestamp="20220620 03:56:43.261" level="DEBUG">Connecting using : dbhost=localhost, dbport=8432, dbname=hadb, dbusername=ha, dbpassword=password2021dljfklkla1!kljf;, alias=None</msg>
<status status="PASS" starttime="20220620 03:56:43.261" endtime="20220620 03:56:43.264"/>
</kw>
<status status="PASS" starttime="20220620 03:56:43.260" endtime="20220620 03:56:43.264"/>
</kw>
<kw name="Get Firstname From PostRest">
<var>${firstname}</var>
<arg>${POSTGREST_PARAMS}</arg>
<kw name="GET On Session" library="Req">
<var>${resp}</var>
<arg>alias</arg>
<arg>customers</arg>
<arg>params=${filter}</arg>
<doc>Sends a GET request on a previously created HTTP Session.</doc>
<msg timestamp="20220620 03:56:43.267" level="DEBUG">Starting new HTTP connection (1): localhost:3000</msg>
<msg timestamp="20220620 03:56:44.063" level="DEBUG">http://localhost:3000 "GET /customers?age=lt.21&amp;select=age,firstname,products!inner(title)&amp;products.title=like.%25FISH%25 HTTP/1.1" 200 None</msg>
<msg timestamp="20220620 03:56:44.063" level="INFO">GET Request : url=http://localhost:3000/customers?age=lt.21&amp;select=age,firstname,products!inner(title)&amp;products.title=like.%25FISH%25 
 path_url=/customers?age=lt.21&amp;select=age,firstname,products!inner(title)&amp;products.title=like.%25FISH%25 
 headers={'User-Agent': 'python-requests/2.28.0', 'Accept-Encoding': 'gzip, deflate', 'Accept': '*/*', 'Connection': 'keep-alive'} 
 body=None 
 </msg>
<msg timestamp="20220620 03:56:44.063" level="INFO">GET Response : url=http://localhost:3000/customers?age=lt.21&amp;select=age,firstname,products!inner(title)&amp;products.title=like.%25FISH%25 
 status=200, reason=OK 
 headers={'Transfer-Encoding': 'chunked', 'Date': 'Mon, 20 Jun 2022 00:56:43 GMT', 'Server': 'postgrest/9.0.0', 'Content-Range': '0-4/*', 'Content-Location': '/customers?age=lt.21&amp;products.title=like.%25FISH%25&amp;select=age%2Cfirstname%2Cproducts%21inner%28title%29', 'Content-Type': 'application/json; charset=utf-8'} 
 body=[{"age":20,"firstname":"LGYCHT","products":[{"title":"AFFAIR FISH"}]}, 
 {"age":20,"firstname":"GCDLEP","products":[{"title":"AGENT FISH"}]}, 
 {"age":18,"firstname":"TMTSLG","products":[{"title":"ACE FISH"}]}, 
 {"age":18,"firstname":"MPBIQS","products":[{"title":"ADAPTATION FISH"}]}, 
 {"age":19,"firstname":"NTCKLG","products":[{"title":"ALADDIN FISH"}]}] 
 </msg>
<msg timestamp="20220620 03:56:44.064" level="INFO">${resp} = &lt;Response [200]&gt;</msg>
<status status="PASS" starttime="20220620 03:56:43.265" endtime="20220620 03:56:44.064"/>
</kw>
<kw name="Get Elements" library="Js">
<var>${firstname}</var>
<arg>${resp.json()}</arg>
<arg>$..firstname</arg>
<doc>Get list of elements from _json_source_, matching [http://goessner.net/articles/JsonPath/|JSONPath] expression.</doc>
<msg timestamp="20220620 03:56:44.156" level="INFO">${firstname} = ['LGYCHT', 'GCDLEP', 'TMTSLG', 'MPBIQS', 'NTCKLG']</msg>
<status status="PASS" starttime="20220620 03:56:44.064" endtime="20220620 03:56:44.156"/>
</kw>
<msg timestamp="20220620 03:56:44.156" level="INFO">${firstname} = ['LGYCHT', 'GCDLEP', 'TMTSLG', 'MPBIQS', 'NTCKLG']</msg>
<status status="PASS" starttime="20220620 03:56:43.265" endtime="20220620 03:56:44.156"/>
</kw>
<kw name="Get Firstname From DB">
<var>@{result}</var>
<arg>&amp;{DB_PARAMS}</arg>
<kw name="Create Dictionary" library="BuiltIn">
<var>${params}</var>
<arg>&amp;{dict_params}</arg>
<doc>Creates and returns a dictionary based on the given ``items``.</doc>
<msg timestamp="20220620 03:56:44.157" level="INFO">${params} = {'age': '21', 'title': '%FISH%'}</msg>
<status status="PASS" starttime="20220620 03:56:44.157" endtime="20220620 03:56:44.157"/>
</kw>
<kw name="Execute Sql String Mapped" library="DB">
<var>@{result}</var>
<arg>${SQL}</arg>
<arg>&amp;{params}</arg>
<doc>SQL query execution where each result row is mapped as a dict with column names as keys.</doc>
<msg timestamp="20220620 03:56:44.158" level="INFO" html="true">&lt;details&gt;&lt;summary&gt;Running PL/PGSQL statement&lt;/summary&gt;&lt;p&gt;SELECT age, firstname, title FROM bootcamp.customers JOIN bootcamp.cust_hist USING(customerid) JOIN bootcamp.products USING(prod_id) WHERE age&amp;lt;%(age)s AND title LIKE %(title)s&lt;/p&gt;&lt;/details&gt;</msg>
<msg timestamp="20220620 03:56:44.238" level="INFO" html="true">&lt;details&gt;&lt;summary&gt;SQL Query Result&lt;/summary&gt;&lt;p&gt;[{&amp;#x27;age&amp;#x27;: 18, &amp;#x27;firstname&amp;#x27;: &amp;#x27;TMTSLG&amp;#x27;, &amp;#x27;title&amp;#x27;: &amp;#x27;ACE FISH&amp;#x27;}, {&amp;#x27;age&amp;#x27;: 20, &amp;#x27;firstname&amp;#x27;: &amp;#x27;LGYCHT&amp;#x27;, &amp;#x27;title&amp;#x27;: &amp;#x27;AFFAIR FISH&amp;#x27;}, {&amp;#x27;age&amp;#x27;: 20, &amp;#x27;firstname&amp;#x27;: &amp;#x27;GCDLEP&amp;#x27;, &amp;#x27;title&amp;#x27;: &amp;#x27;AGENT FISH&amp;#x27;}, {&amp;#x27;age&amp;#x27;: 19, &amp;#x27;firstname&amp;#x27;: &amp;#x27;NTCKLG&amp;#x27;, &amp;#x27;title&amp;#x27;: &amp;#x27;ALADDIN FISH&amp;#x27;}, {&amp;#x27;age&amp;#x27;: 18, &amp;#x27;firstname&amp;#x27;: &amp;#x27;MPBIQS&amp;#x27;, &amp;#x27;title&amp;#x27;: &amp;#x27;ADAPTATION FISH&amp;#x27;}]&lt;/p&gt;&lt;/details&gt;</msg>
<msg timestamp="20220620 03:56:44.239" level="INFO">@{result} = [ {'age': 18, 'firstname': 'TMTSLG', 'title': 'ACE FISH'} | {'age': 20, 'firstname': 'LGYCHT', 'title': 'AFFAIR FISH'} | {'age': 20, 'firstname': 'GCDLEP', 'title': 'AGENT FISH'} | {'age': 19, 'firstn...</msg>
<status status="PASS" starttime="20220620 03:56:44.157" endtime="20220620 03:56:44.239"/>
</kw>
<msg timestamp="20220620 03:56:44.239" level="INFO">@{result} = [ {'age': 18, 'firstname': 'TMTSLG', 'title': 'ACE FISH'} | {'age': 20, 'firstname': 'LGYCHT', 'title': 'AFFAIR FISH'} | {'age': 20, 'firstname': 'GCDLEP', 'title': 'AGENT FISH'} | {'age': 19, 'firstn...</msg>
<status status="PASS" starttime="20220620 03:56:44.156" endtime="20220620 03:56:44.239"/>
</kw>
<kw name="Compare Result">
<arg>${result}</arg>
<arg>${firstname}</arg>
<kw name="Create List" library="BuiltIn">
<var>${firstnames_db}</var>
<doc>Returns a list containing given items.</doc>
<msg timestamp="20220620 03:56:44.240" level="INFO">${firstnames_db} = []</msg>
<status status="PASS" starttime="20220620 03:56:44.240" endtime="20220620 03:56:44.240"/>
</kw>
<for flavor="IN">
<var>${i}</var>
<value>@{res_from_db}</value>
<iter>
<var name="${i}">{'age': 18, 'firstname': 'TMTSLG', 'title': 'ACE FISH'}</var>
<kw name="Append To List" library="Col">
<arg>${firstnames_db}</arg>
<arg>${i}[firstname]</arg>
<doc>Adds ``values`` to the end of ``list``.</doc>
<status status="PASS" starttime="20220620 03:56:44.241" endtime="20220620 03:56:44.241"/>
</kw>
<status status="PASS" starttime="20220620 03:56:44.241" endtime="20220620 03:56:44.241"/>
</iter>
<iter>
<var name="${i}">{'age': 20, 'firstname': 'LGYCHT', 'title': 'AFFAIR FISH'}</var>
<kw name="Append To List" library="Col">
<arg>${firstnames_db}</arg>
<arg>${i}[firstname]</arg>
<doc>Adds ``values`` to the end of ``list``.</doc>
<status status="PASS" starttime="20220620 03:56:44.241" endtime="20220620 03:56:44.241"/>
</kw>
<status status="PASS" starttime="20220620 03:56:44.241" endtime="20220620 03:56:44.241"/>
</iter>
<iter>
<var name="${i}">{'age': 20, 'firstname': 'GCDLEP', 'title': 'AGENT FISH'}</var>
<kw name="Append To List" library="Col">
<arg>${firstnames_db}</arg>
<arg>${i}[firstname]</arg>
<doc>Adds ``values`` to the end of ``list``.</doc>
<status status="PASS" starttime="20220620 03:56:44.242" endtime="20220620 03:56:44.242"/>
</kw>
<status status="PASS" starttime="20220620 03:56:44.242" endtime="20220620 03:56:44.242"/>
</iter>
<iter>
<var name="${i}">{'age': 19, 'firstname': 'NTCKLG', 'title': 'ALADDIN FISH'}</var>
<kw name="Append To List" library="Col">
<arg>${firstnames_db}</arg>
<arg>${i}[firstname]</arg>
<doc>Adds ``values`` to the end of ``list``.</doc>
<status status="PASS" starttime="20220620 03:56:44.242" endtime="20220620 03:56:44.242"/>
</kw>
<status status="PASS" starttime="20220620 03:56:44.242" endtime="20220620 03:56:44.242"/>
</iter>
<iter>
<var name="${i}">{'age': 18, 'firstname': 'MPBIQS', 'title': 'ADAPTATION FISH'}</var>
<kw name="Append To List" library="Col">
<arg>${firstnames_db}</arg>
<arg>${i}[firstname]</arg>
<doc>Adds ``values`` to the end of ``list``.</doc>
<status status="PASS" starttime="20220620 03:56:44.243" endtime="20220620 03:56:44.243"/>
</kw>
<status status="PASS" starttime="20220620 03:56:44.243" endtime="20220620 03:56:44.243"/>
</iter>
<status status="PASS" starttime="20220620 03:56:44.240" endtime="20220620 03:56:44.243"/>
</for>
<kw name="Lists Should Be Equal" library="Col">
<arg>${firstnames_db}</arg>
<arg>${firstnames}</arg>
<arg>ignore_order=True</arg>
<doc>Fails if given lists are unequal.</doc>
<status status="PASS" starttime="20220620 03:56:44.243" endtime="20220620 03:56:44.244"/>
</kw>
<status status="PASS" starttime="20220620 03:56:44.240" endtime="20220620 03:56:44.244"/>
</kw>
<kw name="Test Teardown" library="resource" type="TEARDOWN">
<kw name="Delete All Sessions" library="Req">
<doc>Removes all the session objects</doc>
<msg timestamp="20220620 03:56:44.244" level="INFO">Deleting All Sessions</msg>
<status status="PASS" starttime="20220620 03:56:44.244" endtime="20220620 03:56:44.244"/>
</kw>
<kw name="Disconnect From Postgresql" library="DB">
<doc>Close active PostgreSQL connection.
You will have to manually open or switch to a new connection.
Due to how ConnectionCache works, connection's index and alias are not removed from cache, so you are able to switch to
closed connection, if it was closed with Disconnect from Postgresql. It will still remain closed though.</doc>
<status status="PASS" starttime="20220620 03:56:44.245" endtime="20220620 03:56:44.246"/>
</kw>
<status status="PASS" starttime="20220620 03:56:44.244" endtime="20220620 03:56:44.246"/>
</kw>
<doc>Проверка поиска данных из нескольких таблиц</doc>
<status status="PASS" starttime="20220620 03:56:43.259" endtime="20220620 03:56:44.246"/>
</test>
<meta name="Автор">Андрей Кан</meta>
<status status="PASS" starttime="20220620 03:56:43.253" endtime="20220620 03:56:44.247"/>
</suite>
<status status="PASS" starttime="20220620 03:56:42.285" endtime="20220620 03:56:44.248"/>
</suite>
<statistics>
<total>
<stat pass="2" fail="0" skip="0">All Tests</stat>
</total>
<tag>
</tag>
<suite>
<stat pass="2" fail="0" skip="0" id="s1" name="RF2">RF2</stat>
<stat pass="1" fail="0" skip="0" id="s1-s1" name="Test Insertion">RF2.Test Insertion</stat>
<stat pass="1" fail="0" skip="0" id="s1-s2" name="Test Search Many Tables">RF2.Test Search Many Tables</stat>
</suite>
</statistics>
<errors>
</errors>
</robot>
